<?xml version="1.0" encoding="UTF-8"?>
<testsuite name="CustomListTest" tests="1" skipped="0" failures="0" errors="0" timestamp="2022-03-11T02:45:20" hostname="BeastMaster" time="0.001">
  <properties/>
  <testcase name="deleteCityTest" classname="CustomListTest" time="0.001"/>
  <system-out><![CDATA[]]></system-out>
  <system-err><![CDATA[]]></system-err>
</testsuite>
